<?xml version="1.0" encoding="UTF-8"?>
<!-- Generated by org.testng.reporters.JUnitReportReporter -->
<testsuite hostname="Maulik-PC" name="SREmailTestCase" tests="1" failures="0" timestamp="9 Sep 2015 16:38:33 GMT" time="13.825" errors="0">
  <testcase name="SendReceiveEmail" time="13.825" classname="SREmailTestCase"/>
</testsuite> <!-- SREmailTestCase -->
