<?xml version="1.0" encoding="UTF-8"?>
<!-- Generated by org.testng.reporters.JUnitReportReporter -->
<testsuite hostname="Maulik-PC" name="SigninTestCase" tests="1" failures="0" timestamp="9 Sep 2015 16:48:48 GMT" time="10.884" errors="0">
  <testcase name="loginTest" time="10.884" classname="SigninTestCase"/>
</testsuite> <!-- SigninTestCase -->
