<?xml version="1.0" encoding="UTF-8"?>
<!-- Generated by org.testng.reporters.JUnitReportReporter -->
<testsuite hostname="Maulik-PC" name="testcases.SREmailTestCase" tests="1" failures="0" timestamp="10 Sep 2015 22:10:40 GMT" time="8.136" errors="0">
  <testcase name="SendReceiveEmail" time="8.136" classname="testcases.SREmailTestCase"/>
</testsuite> <!-- testcases.SREmailTestCase -->
