<?xml version="1.0" encoding="UTF-8"?>
<!-- Generated by org.testng.reporters.JUnitReportReporter -->
<testsuite hostname="Maulik-PC" name="testcases.SignOutTestCase" tests="1" failures="0" timestamp="10 Sep 2015 22:10:40 GMT" time="2.097" errors="0">
  <testcase name="SignOut" time="2.097" classname="testcases.SignOutTestCase"/>
</testsuite> <!-- testcases.SignOutTestCase -->
