<?xml version="1.0" encoding="UTF-8"?>
<!-- Generated by org.testng.reporters.JUnitReportReporter -->
<testsuite hostname="Maulik-PC" name="testcases.DraftTestCase" tests="1" failures="0" timestamp="30 Sep 2015 23:38:11 GMT" time="3.647" errors="0">
  <testcase name="draftEmail" time="3.647" classname="testcases.DraftTestCase"/>
</testsuite> <!-- testcases.DraftTestCase -->
