<?xml version="1.0" encoding="UTF-8"?>
<!-- Generated by org.testng.reporters.JUnitReportReporter -->
<testsuite hostname="Maulik-PC" name="testcases.SigninTestCase" tests="1" failures="0" timestamp="30 Sep 2015 23:38:11 GMT" time="8.042" errors="0">
  <testcase name="loginTest" time="8.042" classname="testcases.SigninTestCase"/>
</testsuite> <!-- testcases.SigninTestCase -->
