<?xml version="1.0" encoding="UTF-8"?>
<!-- Generated by org.testng.reporters.JUnitReportReporter -->
<testsuite hostname="Maulik-PC" name="testcases.SigninTestCase" tests="1" failures="0" timestamp="10 Sep 2015 22:10:40 GMT" time="9.761" errors="0">
  <testcase name="loginTest" time="9.761" classname="testcases.SigninTestCase"/>
</testsuite> <!-- testcases.SigninTestCase -->
