<?xml version="1.0" encoding="UTF-8"?>
<!-- Generated by org.testng.reporters.JUnitReportReporter -->
<testsuite hostname="Maulik-PC" name="testcases.SREmailTestCase" tests="1" failures="0" timestamp="30 Sep 2015 23:38:11 GMT" time="6.723" errors="0">
  <testcase name="SendReceiveEmail" time="6.723" classname="testcases.SREmailTestCase"/>
</testsuite> <!-- testcases.SREmailTestCase -->
