<?xml version="1.0" encoding="UTF-8"?>
<!-- Generated by org.testng.reporters.JUnitReportReporter -->
<testsuite hostname="Maulik-PC" name="testcases.SignOutTestCase" tests="1" failures="0" timestamp="30 Sep 2015 23:38:11 GMT" time="2.304" errors="0">
  <testcase name="SignOut" time="2.304" classname="testcases.SignOutTestCase"/>
</testsuite> <!-- testcases.SignOutTestCase -->
